<?xml version="1.0" encoding="UTF-8"?>
<!-- Generated by org.testng.reporters.JUnitReportReporter -->
<testsuite hostname="DESKTOP-0TSGC6B" failures="0" tests="2" name="NewTest" time="0.015" errors="0" timestamp="2024-07-09T14:22:34 IST" skipped="0">
  <testcase classname="NewTest" name="check" time="0.012"/>
  <system-out/>
  <testcase classname="NewTest" name="f" time="0.003"/>
  <system-out/>
</testsuite> <!-- NewTest -->
