<?xml version="1.0" encoding="UTF-8"?>
<!-- Generated by org.testng.reporters.JUnitReportReporter -->
<testsuite hostname="DESKTOP-0TSGC6B" failures="0" tests="2" name="demoTest.NewTest" time="0.005" errors="0" timestamp="2024-07-09T14:41:10 IST" skipped="0">
  <testcase classname="demoTest.NewTest" name="check" time="0.004"/>
  <system-out/>
  <testcase classname="demoTest.NewTest" name="f" time="0.001"/>
  <system-out/>
</testsuite> <!-- demoTest.NewTest -->
